<?xml version="1.0" encoding="UTF-8"?>
<!-- Generated by org.testng.reporters.JUnitReportReporter -->
<testsuite hostname="Fantasy-ПК" name="tests.NewsTest" tests="1" failures="0" timestamp="14 Feb 2016 09:17:02 GMT" time="67.821" errors="0">
  <testcase name="test1" time="67.821" classname="tests.NewsTest"/>
</testsuite> <!-- tests.NewsTest -->
