<?xml version="1.0" encoding="UTF-8"?>
<!-- Generated by org.testng.reporters.JUnitReportReporter -->
<testsuite hostname="Fantasy-ПК" name="tests.LoginTest" tests="1" failures="0" timestamp="13 Feb 2016 08:33:33 GMT" time="32.648" errors="0">
  <testcase name="test1" time="32.648" classname="tests.LoginTest"/>
</testsuite> <!-- tests.LoginTest -->
