<?xml version="1.0" encoding="UTF-8"?>
<!-- Generated by org.testng.reporters.JUnitReportReporter -->
<testsuite hostname="Fantasy-ПК" name="tests.NewsTest" tests="1" failures="0" timestamp="15 Feb 2016 18:50:10 GMT" time="61.320" errors="0">
  <testcase name="test1" time="61.320" classname="tests.NewsTest"/>
</testsuite> <!-- tests.NewsTest -->
