<?xml version="1.0" encoding="UTF-8"?>
<!-- Generated by org.testng.reporters.JUnitReportReporter -->
<testsuite hostname="Fantasy-ПК" name="tests.LoginTest" tests="1" failures="0" timestamp="16 Feb 2016 06:54:33 GMT" time="39.179" errors="0">
  <testcase name="test1" time="39.179" classname="tests.LoginTest"/>
</testsuite> <!-- tests.LoginTest -->
