<?xml version="1.0" encoding="UTF-8"?>
<!-- Generated by org.testng.reporters.JUnitReportReporter -->
<testsuite hostname="Fantasy-ПК" name="tests.LoginTest" tests="1" failures="0" timestamp="15 Feb 2016 18:33:17 GMT" time="26.150" errors="0">
  <testcase name="test1" time="26.150" classname="tests.LoginTest"/>
</testsuite> <!-- tests.LoginTest -->
