<?xml version="1.0" encoding="UTF-8"?>
<!-- Generated by org.testng.reporters.JUnitReportReporter -->
<testsuite hostname="Fantasy-ПК" name="tests.NewsTest" tests="1" failures="0" timestamp="13 Feb 2016 10:18:03 GMT" time="159.923" errors="0">
  <testcase name="test1" time="159.923" classname="tests.NewsTest"/>
</testsuite> <!-- tests.NewsTest -->
