<?xml version="1.0" encoding="UTF-8"?>
<!-- Generated by org.testng.reporters.JUnitReportReporter -->
<testsuite hostname="Fantasy-ПК" name="tests.LoginTest" tests="1" failures="0" timestamp="15 Feb 2016 17:24:37 GMT" time="31.232" errors="0">
  <testcase name="test1" time="31.232" classname="tests.LoginTest"/>
</testsuite> <!-- tests.LoginTest -->
