<?xml version="1.0" encoding="UTF-8"?>
<!-- Generated by org.testng.reporters.JUnitReportReporter -->
<testsuite hostname="Fantasy-ПК" name="tests.LoginTest" tests="1" failures="0" timestamp="14 Feb 2016 09:25:34 GMT" time="24.977" errors="0">
  <testcase name="test1" time="24.977" classname="tests.LoginTest"/>
</testsuite> <!-- tests.LoginTest -->
