<?xml version="1.0" encoding="UTF-8"?>
<!-- Generated by org.testng.reporters.JUnitReportReporter -->
<testsuite hostname="Fantasy-ПК" name="tests.NewsTest" tests="1" failures="0" timestamp="14 Feb 2016 11:17:56 GMT" time="68.626" errors="0">
  <testcase name="test1" time="68.626" classname="tests.NewsTest"/>
</testsuite> <!-- tests.NewsTest -->
