<?xml version="1.0" encoding="UTF-8"?>
<!-- Generated by org.testng.reporters.JUnitReportReporter -->
<testsuite hostname="Fantasy-ПК" name="tests.SearchTest" tests="1" failures="0" timestamp="13 Feb 2016 21:13:47 GMT" time="74.298" errors="0">
  <testcase name="test1" time="74.298" classname="tests.SearchTest"/>
</testsuite> <!-- tests.SearchTest -->
